2026-06-21 06:51:31,161 : root : INFO : LOGGING SYSTEM INITIALIZED.
2026-06-21 06:51:31,161 : __main__ : INFO : Program started
2026-06-21 07:11:10,453 : root : INFO : LOGGING SYSTEM INITIALIZED.
2026-06-21 07:11:10,453 : __main__ : INFO : Program started
2026-06-21 07:11:18,268 : __main__ : INFO : User Ihsan logged in
2026-06-21 07:11:18,268 : menu : INFO : Menu system
2026-06-21 07:11:18,268 : menu : INFO : Main menu started
2026-06-21 07:11:26,624 : menu : INFO : User selected Part settings
2026-06-21 07:11:32,008 : menu : INFO : User selected Add part
2026-07-01 11:54:37,163 : root : INFO : LOGGING SYSTEM INITIALIZED.
2026-07-01 11:54:37,167 : __main__ : INFO : Program started
2026-07-01 11:54:37,190 : __main__ : INFO : User Ihsan logged in
2026-07-01 11:54:37,194 : menu : INFO : Menu system
2026-07-01 11:54:37,200 : menu : INFO : Main menu started
2026-07-01 12:07:18,569 : root : INFO : LOGGING SYSTEM INITIALIZED.
2026-07-01 12:07:18,594 : __main__ : INFO : Program started
2026-07-01 12:07:18,907 : __main__ : INFO : User Ihsan logged in
2026-07-01 12:07:18,909 : menu : INFO : Menu system
2026-07-01 12:07:18,911 : menu : INFO : Main menu started
2026-07-01 14:10:12,452 : root : INFO : LOGGING SYSTEM INITIALIZED.
2026-07-01 14:10:12,473 : __main__ : INFO : Program started
2026-07-01 14:10:16,096 : __main__ : INFO : User Ihsan logged in
2026-07-01 14:10:16,098 : menu : INFO : Menu system
2026-07-01 14:10:16,100 : menu : INFO : Main menu started
2026-07-01 14:10:24,340 : menu : INFO : User selected Part settings
2026-07-01 14:10:25,243 : menu : INFO : User selected Add part
2026-07-01 14:10:26,779 : menu : INFO : User selected Add part
2026-07-01 14:10:27,420 : menu : INFO : User selected Add part
2026-07-01 14:10:28,488 : menu : INFO : User selected Add part
2026-07-01 14:10:28,667 : menu : INFO : User selected Update part
2026-07-01 14:10:29,487 : menu : INFO : User selected Update part
2026-07-01 14:10:30,159 : menu : INFO : User selected Remove part
2026-07-01 14:10:30,948 : menu : WARNING : Invalid config menu choice: 4
2026-07-01 14:10:32,004 : menu : INFO : Exiting config menu
2026-07-01 14:10:34,947 : menu : INFO : User selected History settings
2026-07-01 14:10:35,866 : menu : INFO : Viewing all history
2026-07-01 14:10:44,301 : menu : INFO : Viewing history for part: oil filter
2026-07-01 14:10:49,331 : menu : INFO : Exiting history menu
2026-07-01 14:10:51,629 : menu : INFO : User selected Part settings
2026-07-01 14:10:52,792 : menu : INFO : User selected Add part
2026-07-01 14:22:51,484 : root : INFO : LOGGING SYSTEM INITIALIZED.
2026-07-01 14:22:51,503 : __main__ : INFO : Program started
2026-07-01 14:22:51,516 : __main__ : INFO : User Ihsan logged in
2026-07-01 14:22:51,523 : menu : INFO : Menu system
2026-07-01 14:22:51,523 : menu : INFO : Main menu started
2026-07-01 14:23:03,394 : menu : INFO : User selected Part settings
2026-07-01 14:23:04,040 : menu : INFO : User selected Add part
2026-07-01 14:24:39,392 : root : INFO : LOGGING SYSTEM INITIALIZED.
2026-07-01 14:24:39,395 : __main__ : INFO : Program started
2026-07-01 14:24:39,419 : __main__ : INFO : User Ihsan logged in
2026-07-01 14:24:39,426 : menu : INFO : Menu system
2026-07-01 14:24:39,435 : menu : INFO : Main menu started
2026-07-01 14:24:43,387 : menu : INFO : User selected Part settings
2026-07-01 14:24:43,957 : menu : INFO : User selected Add part
2026-07-01 14:25:53,133 : root : INFO : LOGGING SYSTEM INITIALIZED.
2026-07-01 14:25:53,144 : __main__ : INFO : Program started
2026-07-01 14:42:38,379 : root : INFO : LOGGING SYSTEM INITIALIZED.
2026-07-01 14:42:38,398 : __main__ : INFO : Program started
2026-07-01 14:42:38,423 : part_manager : INFO : Loaded 1 part configurations
2026-07-01 14:42:39,700 : car_manager : INFO : Loaded 0 vehicles for user Ihsan
2026-07-01 14:43:16,666 : root : INFO : LOGGING SYSTEM INITIALIZED.
2026-07-01 14:43:16,675 : __main__ : INFO : Program started
2026-07-01 14:43:16,694 : part_manager : INFO : Loaded 1 part configurations
2026-07-01 14:43:16,727 : car_manager : INFO : Loaded 0 vehicles for user Ihsan
2026-07-01 14:43:40,337 : root : INFO : LOGGING SYSTEM INITIALIZED.
2026-07-01 14:43:40,342 : __main__ : INFO : Program started
2026-07-01 14:43:40,358 : part_manager : INFO : Loaded 1 part configurations
2026-07-01 14:48:20,974 : root : INFO : LOGGING SYSTEM INITIALIZED.
2026-07-01 14:48:20,976 : __main__ : INFO : Program started
2026-07-01 14:48:20,984 : part_manager : INFO : Loaded 1 part configurations
2026-07-01 14:49:41,727 : root : INFO : LOGGING SYSTEM INITIALIZED.
2026-07-01 14:49:41,730 : __main__ : INFO : Program started
2026-07-01 14:49:41,738 : part_manager : INFO : Loaded 1 part configurations
2026-07-01 14:49:41,772 : car_manager : INFO : Loaded 0 vehicles for user Ihsan
2026-07-01 14:49:41,777 : __main__ : INFO : User Ihsan logged in
2026-07-01 14:49:41,788 : menu : INFO : Menu system
2026-07-01 14:49:41,791 : menu : INFO : Main menu started
2026-07-01 14:49:45,015 : menu : INFO : User selected Part settings
2026-07-01 14:49:45,535 : menu : INFO : User selected Add part
2026-07-01 14:50:01,565 : part_manager : INFO : Part config updated: oil filter
2026-07-01 14:50:58,812 : part_manager : INFO : Part config added: fuel filter
2026-07-01 14:51:04,569 : menu : INFO : User selected Update part
2026-07-01 14:51:30,991 : menu : INFO : User selected Remove part
2026-07-01 14:53:23,164 : root : INFO : LOGGING SYSTEM INITIALIZED.
2026-07-01 14:53:23,166 : __main__ : INFO : Program started
2026-07-01 14:53:23,177 : part_manager : INFO : Loaded 2 part configurations
2026-07-01 14:53:23,234 : car_manager : INFO : Loaded 0 vehicles for user Ihsan
2026-07-01 14:53:23,240 : __main__ : INFO : User Ihsan logged in
2026-07-01 14:53:23,242 : menu : INFO : Menu system
2026-07-01 14:53:23,246 : menu : INFO : Main menu started
2026-07-01 14:53:27,607 : menu : INFO : User selected Part settings
2026-07-01 14:53:30,065 : menu : INFO : User selected Remove part
2026-07-01 15:11:12,212 : root : INFO : LOGGING SYSTEM INITIALIZED.
2026-07-01 15:11:12,215 : __main__ : INFO : Program started
2026-07-01 15:11:12,256 : part_manager : INFO : Loaded 2 part configurations
2026-07-01 15:11:12,319 : car_manager : INFO : Loaded 0 vehicles for user Ihsan
2026-07-01 15:11:12,326 : __main__ : INFO : User Ihsan logged in
2026-07-01 15:11:12,331 : menu : INFO : Menu system
2026-07-01 15:11:12,335 : menu : INFO : Main menu started
2026-07-01 15:13:09,339 : menu : INFO : User selected Part settings
2026-07-01 15:13:09,739 : menu : INFO : User selected Add part
2026-07-01 15:13:25,586 : menu : INFO : User selected Remove part
2026-07-01 15:34:44,959 : root : INFO : LOGGING SYSTEM INITIALIZED.
2026-07-01 15:34:44,962 : __main__ : INFO : Program started
2026-07-01 15:34:45,001 : part_manager : INFO : Loaded 2 part configurations
2026-07-01 15:34:45,029 : car_manager : INFO : Loaded 0 vehicles for user Ihsan
2026-07-01 15:34:45,040 : __main__ : INFO : User Ihsan logged in
2026-07-01 15:34:45,042 : menu : INFO : Menu system
2026-07-01 15:34:45,049 : menu : INFO : Main menu started
2026-07-01 15:35:14,919 : menu : INFO : User selected Part settings
2026-07-01 15:35:15,798 : menu : INFO : User selected Remove part
2026-07-01 15:35:34,978 : part_manager : INFO : Part config deleted: fuel filter
2026-07-01 15:35:43,407 : menu : INFO : User selected Update part
2026-07-01 15:39:33,797 : root : INFO : LOGGING SYSTEM INITIALIZED.
2026-07-01 15:39:33,799 : __main__ : INFO : Program started
2026-07-01 15:39:33,807 : part_manager : INFO : Loaded 1 part configurations
2026-07-01 15:39:33,827 : car_manager : INFO : Loaded 0 vehicles for user Ihsan
2026-07-01 15:39:33,833 : __main__ : INFO : User Ihsan logged in
2026-07-01 15:39:33,837 : menu : INFO : Menu system
2026-07-01 15:39:33,842 : menu : INFO : Main menu started
2026-07-01 15:41:02,098 : menu : INFO : User selected Part settings
2026-07-01 15:41:04,927 : menu : INFO : User selected Update part
2026-04-16 00:16:43,005 : root : INFO : LOGGING SYSTEM INITIALIZED.
2026-04-16 00:16:43,006 : __main__ : INFO : Program started
2026-04-16 00:16:43,022 : __main__ : INFO : User Ihsan logged in
2026-04-16 00:16:43,034 : part_manager : INFO : Loaded 1 part configurations
2026-04-16 00:16:43,046 : car_manager : INFO : Loaded 0 vehicles for user Ihsan
2026-04-16 00:16:43,052 : menu : INFO : Menu system
2026-04-16 00:16:43,055 : menu : INFO : Main menu started
2026-04-16 00:17:12,234 : car_manager : INFO : Car added: 1122
2026-04-16 00:17:12,238 : car_ui : INFO : User added car: 1122
2026-04-16 01:02:10,065 : menu : INFO : User exiting application
2026-04-16 01:02:10,087 : __main__ : INFO : User Ihsan logged in
2026-04-16 01:02:10,099 : part_manager : INFO : Loaded 1 part configurations
2026-04-16 01:02:10,111 : car_manager : INFO : Loaded 1 vehicles for user Ihsan
2026-04-16 01:02:10,115 : menu : INFO : Menu system
2026-04-16 01:02:10,120 : menu : INFO : Main menu started
2026-04-16 01:03:39,452 : menu : INFO : User exiting application
2026-04-16 01:03:39,463 : __main__ : INFO : User Ihsan logged in
2026-04-16 01:03:39,474 : part_manager : INFO : Loaded 1 part configurations
2026-04-16 01:03:39,486 : car_manager : INFO : Loaded 1 vehicles for user Ihsan
2026-04-16 01:03:39,491 : menu : INFO : Menu system
2026-04-16 01:03:39,498 : menu : INFO : Main menu started
2026-04-16 01:03:40,468 : menu : INFO : User exiting application
2026-04-16 01:03:40,480 : __main__ : INFO : User Ihsan logged in
2026-04-16 01:03:40,490 : part_manager : INFO : Loaded 1 part configurations
2026-04-16 01:03:40,500 : car_manager : INFO : Loaded 1 vehicles for user Ihsan
2026-04-16 01:03:40,506 : menu : INFO : Menu system
2026-04-16 01:03:40,510 : menu : INFO : Main menu started
2026-04-16 01:03:41,035 : menu : INFO : User exiting application
2026-04-16 01:03:41,042 : __main__ : INFO : User Ihsan logged in
2026-04-16 01:03:41,050 : part_manager : INFO : Loaded 1 part configurations
2026-04-16 01:03:41,061 : car_manager : INFO : Loaded 1 vehicles for user Ihsan
2026-04-16 01:03:41,064 : menu : INFO : Menu system
2026-04-16 01:03:41,074 : menu : INFO : Main menu started
2026-07-04 16:20:46,118 : root : INFO : LOGGING SYSTEM INITIALIZED.
2026-07-04 16:20:46,180 : __main__ : INFO : Program started
2026-07-04 16:20:46,279 : __main__ : INFO : User Ihsan logged in
2026-07-04 16:20:46,303 : part_manager : INFO : Loaded 1 part configurations
2026-07-04 16:20:46,332 : car_manager : INFO : Loaded 1 vehicles for user Ihsan
2026-07-04 16:20:46,336 : menu : INFO : Menu system
2026-07-04 16:20:46,340 : menu : INFO : Main menu started
2026-07-04 17:02:14,428 : root : INFO : LOGGING SYSTEM INITIALIZED.
2026-07-04 17:02:14,456 : __main__ : INFO : Program started
2026-07-04 17:02:14,686 : __main__ : INFO : User Ihsan logged in
2026-07-04 17:02:14,690 : part_manager : INFO : Loaded 1 part configurations
2026-07-04 17:02:14,697 : car_manager : INFO : Loaded 1 vehicles for user Ihsan
2026-07-04 17:03:21,929 : root : INFO : LOGGING SYSTEM INITIALIZED.
2026-07-04 17:03:21,946 : __main__ : INFO : Program started
2026-07-04 17:03:22,032 : __main__ : INFO : User Ihsan logged in
2026-07-04 17:03:22,047 : part_manager : INFO : Loaded 1 part configurations
2026-07-04 17:03:22,064 : car_manager : INFO : Loaded 1 vehicles for user Ihsan
2026-07-04 17:05:35,941 : root : INFO : LOGGING SYSTEM INITIALIZED.
2026-07-04 17:05:35,959 : __main__ : INFO : Program started
2026-07-04 17:05:36,001 : __main__ : INFO : User Ihsan logged in
2026-07-04 17:05:36,025 : part_manager : INFO : Loaded 1 part configurations
2026-07-04 17:05:36,044 : car_manager : INFO : Loaded 1 vehicles for user Ihsan
2026-07-04 17:05:36,089 : menu : INFO : Menu system
2026-07-04 17:05:36,092 : menu : INFO : Main menu started
2026-07-04 17:11:55,797 : maintenance_manager : INFO : oil filter added for 1122
2026-07-04 17:15:40,523 : root : INFO : LOGGING SYSTEM INITIALIZED.
2026-07-04 17:15:40,525 : __main__ : INFO : Program started
2026-07-04 17:15:40,592 : __main__ : INFO : User Ihsan logged in
2026-07-04 17:15:40,610 : part_manager : INFO : Loaded 1 part configurations
2026-07-04 17:15:40,648 : car_manager : INFO : Loaded 1 vehicles for user Ihsan
2026-07-04 17:15:40,668 : menu : INFO : Menu system
2026-07-04 17:15:40,674 : menu : INFO : Main menu started
2026-07-04 17:15:46,330 : menu : INFO : User selected History settings
2026-07-04 17:15:47,408 : menu : INFO : Viewing all history
2026-07-04 17:46:53,983 : root : INFO : LOGGING SYSTEM INITIALIZED.
2026-07-04 17:46:54,012 : __main__ : INFO : Program started
2026-07-04 17:46:54,076 : __main__ : INFO : User Ihsan logged in
2026-07-04 17:46:54,616 : part_manager : INFO : Loaded 1 part configurations
2026-07-04 17:46:54,662 : car_manager : INFO : Loaded 1 vehicles for user Ihsan
2026-07-04 17:46:54,677 : menu : INFO : Menu system
2026-07-04 17:46:54,682 : menu : INFO : Main menu started
2026-07-04 17:47:00,953 : menu : INFO : User selected Part settings
2026-07-04 17:47:03,810 : menu : INFO : Exiting config menu
2026-07-04 17:47:04,352 : menu : INFO : User selected History settings
2026-07-04 17:47:05,144 : menu : INFO : Viewing all history
2026-04-15 23:37:28,180 : root : INFO : LOGGING SYSTEM INITIALIZED.
2026-04-15 23:37:28,220 : __main__ : INFO : Program started
2026-04-15 23:37:28,286 : __main__ : INFO : User Ihsan logged in
2026-04-15 23:37:28,324 : part_manager : INFO : Loaded 1 part configurations
2026-04-15 23:37:28,341 : car_manager : INFO : Loaded 1 vehicles for user Ihsan
2026-04-15 23:37:28,374 : menu : INFO : Menu system
2026-04-15 23:37:28,380 : menu : INFO : Main menu started
2026-04-15 23:38:27,157 : menu : INFO : User selected History settings
2026-04-15 23:38:29,085 : menu : INFO : Viewing all history
2026-04-15 23:41:49,085 : root : INFO : LOGGING SYSTEM INITIALIZED.
2026-04-15 23:41:49,087 : __main__ : INFO : Program started
2026-04-15 23:41:49,099 : __main__ : INFO : User Ihsan logged in
2026-04-15 23:41:49,116 : part_manager : INFO : Loaded 1 part configurations
2026-04-15 23:41:49,133 : car_manager : INFO : Loaded 1 vehicles for user Ihsan
2026-04-15 23:41:49,178 : menu : INFO : Menu system
2026-04-15 23:41:49,183 : menu : INFO : Main menu started
2026-04-15 23:41:56,054 : menu : INFO : User selected Part settings
2026-04-15 23:41:56,668 : menu : INFO : User selected Add part
2026-04-15 23:42:02,477 : menu : INFO : Exiting config menu
2026-04-15 23:42:03,108 : menu : INFO : User selected History settings
2026-04-15 23:42:03,726 : menu : INFO : Viewing all history
2026-04-15 23:42:07,925 : menu : INFO : Exiting history menu
2026-04-15 23:42:08,694 : menu : INFO : Exiting settings menu
2026-04-15 23:44:02,759 : maintenance_manager : INFO : oil filter updated for 1122
2026-04-15 23:44:06,253 : menu : INFO : User selected History settings
2026-04-15 23:44:07,726 : menu : INFO : Viewing all history
2026-04-15 23:44:14,373 : menu : INFO : Viewing history for car: 1122
2026-04-15 23:44:53,626 : root : INFO : LOGGING SYSTEM INITIALIZED.
2026-04-15 23:44:53,630 : __main__ : INFO : Program started
2026-04-15 23:44:53,645 : __main__ : INFO : User Ihsan logged in
2026-04-15 23:44:53,665 : part_manager : INFO : Loaded 1 part configurations
2026-04-15 23:44:53,678 : car_manager : INFO : Loaded 1 vehicles for user Ihsan
2026-04-15 23:44:53,701 : menu : INFO : Menu system
2026-04-15 23:44:53,705 : menu : INFO : Main menu started
2026-04-15 23:44:58,119 : menu : INFO : User selected History settings
2026-04-15 23:45:00,707 : menu : INFO : Viewing history for car: 1122
2026-04-15 23:45:04,285 : menu : INFO : Viewing history for part: oil filter
2026-04-15 23:45:07,622 : menu : INFO : Exiting history menu
2026-04-15 23:45:08,303 : menu : INFO : Exiting settings menu
2026-04-15 23:45:09,287 : menu : INFO : User exiting application
2026-04-15 23:45:09,295 : __main__ : INFO : User Ihsan logged in
2026-04-15 23:45:09,308 : part_manager : INFO : Loaded 1 part configurations
2026-04-15 23:45:09,328 : car_manager : INFO : Loaded 1 vehicles for user Ihsan
2026-04-15 23:45:09,343 : menu : INFO : Menu system
2026-04-15 23:45:09,344 : menu : INFO : Main menu started
2026-04-15 23:45:10,221 : menu : INFO : User exiting application
2026-04-15 23:45:10,228 : __main__ : INFO : User Ihsan logged in
2026-04-15 23:45:10,239 : part_manager : INFO : Loaded 1 part configurations
2026-04-15 23:45:10,251 : car_manager : INFO : Loaded 1 vehicles for user Ihsan
2026-04-15 23:45:10,269 : menu : INFO : Menu system
2026-04-15 23:45:10,271 : menu : INFO : Main menu started
2026-04-15 23:45:15,582 : root : INFO : LOGGING SYSTEM INITIALIZED.
2026-04-15 23:45:15,587 : __main__ : INFO : Program started
2026-04-15 23:45:15,621 : __main__ : INFO : User Ihsan logged in
2026-04-15 23:45:15,644 : part_manager : INFO : Loaded 1 part configurations
2026-04-15 23:45:15,672 : car_manager : INFO : Loaded 1 vehicles for user Ihsan
2026-04-15 23:45:15,711 : menu : INFO : Menu system
2026-04-15 23:45:15,719 : menu : INFO : Main menu started
